<?xml version="1.0" encoding="utf-8"?><testsuites name="pytest tests"><testsuite name="pytest" errors="0" failures="0" skipped="0" tests="46" time="47.283" timestamp="2026-07-05T22:29:06.066830+00:00" hostname="agent-env-dade99be-1afc-4cb1-9830-972afc851063"><testcase classname="tests.test_online.TestJoinRoom" name="test_join_adds_player_not_ready" time="0.332" /><testcase classname="tests.test_online.TestCreateRoom" name="test_create_room_valid" time="0.176" /><testcase classname="tests.test_online.TestCreateRoom" name="test_create_room_pick_seconds_15" time="0.101" /><testcase classname="tests.test_online.TestCreateRoom" name="test_create_room_pick_seconds_45" time="0.117" /><testcase classname="tests.test_online.TestJoinRoom" name="test_join_duplicate_nickname_suffixed" time="0.232" /><testcase classname="tests.test_online.TestCreateRoom" name="test_create_room_pick_seconds_invalid_90" time="0.105" /><testcase classname="tests.test_online.TestCreateRoom" name="test_create_room_pick_seconds_invalid_20" time="0.136" /><testcase classname="tests.test_online.TestJoinRoom" name="test_join_full_room_returns_409" time="0.325" /><testcase classname="tests.test_online.TestCreateRoom" name="test_create_room_default_pick_seconds" time="0.094" /><testcase classname="tests.test_online.TestCreateRoom" name="test_create_room_invalid_mode" time="0.100" /><testcase classname="tests.test_online.TestCreateRoom" name="test_create_room_short_nickname" time="0.098" /><testcase classname="tests.test_online.TestJoinRoom" name="test_join_unknown_room_404" time="0.105" /><testcase classname="tests.test_online.TestCreateRoom" name="test_create_room_invalid_max" time="0.232" /><testcase classname="tests.test_online.TestJoinRoom" name="test_join_started_room_returns_409" time="0.567" /><testcase classname="tests.test_online.TestReady" name="test_guest_ready_true" time="0.323" /><testcase classname="tests.test_online.TestReady" name="test_guest_ready_toggle_off" time="1.418" /><testcase classname="tests.test_online_game.TestGamePick" name="test_pick_slot_out_of_range_returns_422" time="0.533" /><testcase classname="tests.test_online_game.TestGamePick" name="test_pick_invalid_player_returns_409" time="0.521" /><testcase classname="tests.test_online_game.TestGamePick" name="test_pick_wrong_position_returns_409" time="0.591" /><testcase classname="tests.test_online.TestReady" name="test_host_cannot_be_unreadied" time="0.526" /><testcase classname="tests.test_online_game.TestGamePick" name="test_pick_success_advances_roll_and_deadline" time="0.505" /><testcase classname="tests.test_online.TestReady" name="test_ready_unknown_player_404" time="0.249" /><testcase classname="tests.test_online.TestReady" name="test_ready_unknown_room_404" time="0.100" /><testcase classname="tests.test_online_game.TestGamePick" name="test_pick_duplicate_slot_returns_409" time="0.786" /><testcase classname="tests.test_online_game.TestStartPoolValidation" name="test_start_missing_pool_returns_400" time="0.423" /><testcase classname="tests.test_online_game.TestStartPoolValidation" name="test_start_empty_pool_returns_400" time="0.491" /><testcase classname="tests.test_online.TestStartRoom" name="test_start_requires_host" time="0.347" /><testcase classname="tests.test_online_game.TestStartPoolValidation" name="test_start_pool_too_few_players_returns_400" time="0.512" /><testcase classname="tests.test_online.TestStartRoom" name="test_start_needs_min_players" time="0.283" /><testcase classname="tests.test_online.TestStartRoom" name="test_start_blocked_when_guest_not_ready" time="0.358" /><testcase classname="tests.test_online_game.TestStartPoolValidation" name="test_start_valid_pool_transitions_to_draft" time="0.412" /><testcase classname="tests.test_online.TestStartRoom" name="test_start_success_after_all_ready" time="0.430" /><testcase classname="tests.test_online_game.TestGameChange" name="test_change_decrements_changes" time="0.573" /><testcase classname="tests.test_online.TestGetRoom" name="test_get_existing" time="0.244" /><testcase classname="tests.test_online.TestGetRoom" name="test_get_unknown_404" time="0.127" /><testcase classname="tests.test_online_game.TestGameChange" name="test_lucky_change_decrements_both" time="0.617" /><testcase classname="tests.test_online.TestLeaveRoom" name="test_guest_leave_removes_player" time="0.447" /><testcase classname="tests.test_online.TestLeaveRoom" name="test_host_leave_closes_room" time="0.372" /><testcase classname="tests.test_online_game.TestGameChange" name="test_change_exhausted_returns_409" time="0.905" /><testcase classname="tests.test_online_game.TestPickSeconds60" name="test_create_room_pick_seconds_60_ok" time="0.101" /><testcase classname="tests.test_online_game.TestPickSeconds60" name="test_create_room_pick_seconds_90_rejected" time="0.103" /><testcase classname="tests.test_online_game.TestFullDraftAndTournament" name="test_full_flow_transitions_to_tournament" time="23.367" /><testcase classname="tests.test_online.TestWebSocket" name="test_ws_connect_initial_state" time="37.290" /><testcase classname="tests.test_online_game.TestFullDraftAndTournament" name="test_start_tournament_before_complete_returns_409" time="0.501" /><testcase classname="tests.test_online_game.TestAutoPick" name="test_auto_pick_fires_and_broadcasts" time="15.459" /><testcase classname="tests.test_online.TestWebSocket" name="test_ws_broadcast_on_ready_toggle" time="0.520" /></testsuite></testsuites>