<?xml version="1.0" encoding="utf-8"?><testsuites name="pytest tests"><testsuite name="pytest" errors="0" failures="2" skipped="0" tests="29" time="37.811" timestamp="2026-07-05T22:27:55.656182+00:00" hostname="agent-env-dade99be-1afc-4cb1-9830-972afc851063"><testcase classname="tests.test_online.TestJoinRoom" name="test_join_adds_player_not_ready" time="36.136" /><testcase classname="tests.test_online.TestCreateRoom" name="test_create_room_valid" time="10.144" /><testcase classname="tests.test_online.TestCreateRoom" name="test_create_room_pick_seconds_15" time="0.149" /><testcase classname="tests.test_online.TestCreateRoom" name="test_create_room_pick_seconds_45" time="0.113" /><testcase classname="tests.test_online.TestCreateRoom" name="test_create_room_pick_seconds_invalid_90" time="0.109" /><testcase classname="tests.test_online.TestCreateRoom" name="test_create_room_pick_seconds_invalid_20" time="0.119" /><testcase classname="tests.test_online.TestCreateRoom" name="test_create_room_default_pick_seconds" time="0.095" /><testcase classname="tests.test_online.TestCreateRoom" name="test_create_room_invalid_mode" time="0.110" /><testcase classname="tests.test_online.TestCreateRoom" name="test_create_room_short_nickname" time="0.098" /><testcase classname="tests.test_online.TestCreateRoom" name="test_create_room_invalid_max" time="0.194" /><testcase classname="tests.test_online.TestReady" name="test_guest_ready_true" time="0.384" /><testcase classname="tests.test_online.TestReady" name="test_guest_ready_toggle_off" time="0.403" /><testcase classname="tests.test_online.TestReady" name="test_host_cannot_be_unreadied" time="0.317" /><testcase classname="tests.test_online.TestReady" name="test_ready_unknown_player_404" time="0.198" /><testcase classname="tests.test_online.TestReady" name="test_ready_unknown_room_404" time="0.107" /><testcase classname="tests.test_online.TestStartRoom" name="test_start_requires_host" time="0.340" /><testcase classname="tests.test_online.TestStartRoom" name="test_start_needs_min_players" time="0.210" /><testcase classname="tests.test_online.TestStartRoom" name="test_start_blocked_when_guest_not_ready" time="0.322" /><testcase classname="tests.test_online.TestStartRoom" name="test_start_success_after_all_ready" time="0.396"><failure message="assert 400 == 200&#10; +  where 400 = &lt;Response [400]&gt;.status_code">backend/tests/test_online.py:274: in test_start_success_after_all_ready
    assert s.status_code == 200
E   assert 400 == 200
E    +  where 400 = &lt;Response [400]&gt;.status_code</failure></testcase><testcase classname="tests.test_online.TestGetRoom" name="test_get_existing" time="0.198" /><testcase classname="tests.test_online.TestGetRoom" name="test_get_unknown_404" time="0.092" /><testcase classname="tests.test_online.TestLeaveRoom" name="test_guest_leave_removes_player" time="0.413" /><testcase classname="tests.test_online.TestLeaveRoom" name="test_host_leave_closes_room" time="0.305" /><testcase classname="tests.test_online.TestWebSocket" name="test_ws_connect_initial_state" time="0.277" /><testcase classname="tests.test_online.TestWebSocket" name="test_ws_broadcast_on_ready_toggle" time="0.557" /><testcase classname="tests.test_online.TestJoinRoom" name="test_join_duplicate_nickname_suffixed" time="0.239" /><testcase classname="tests.test_online.TestJoinRoom" name="test_join_full_room_returns_409" time="0.341" /><testcase classname="tests.test_online.TestJoinRoom" name="test_join_unknown_room_404" time="0.102" /><testcase classname="tests.test_online.TestJoinRoom" name="test_join_started_room_returns_409" time="0.432"><failure message="assert 400 == 200&#10; +  where 400 = &lt;Response [400]&gt;.status_code">backend/tests/test_online.py:189: in test_join_started_room_returns_409
    assert s.status_code == 200
E   assert 400 == 200
E    +  where 400 = &lt;Response [400]&gt;.status_code</failure></testcase></testsuite></testsuites>