<?xml version="1.0" encoding="utf-8"?><testsuites name="pytest tests"><testsuite name="pytest" errors="0" failures="0" skipped="0" tests="21" time="3.909" timestamp="2026-07-05T20:44:12.921865+00:00" hostname="agent-env-dade99be-1afc-4cb1-9830-972afc851063"><testcase classname="tests.test_online.TestJoinRoom" name="test_join_adds_player" time="0.361" /><testcase classname="tests.test_online.TestCreateRoom" name="test_create_room_valid" time="0.248" /><testcase classname="tests.test_online.TestCreateRoom" name="test_create_room_league_mode_and_duration" time="0.117" /><testcase classname="tests.test_online.TestJoinRoom" name="test_join_duplicate_nickname_suffixed" time="0.282" /><testcase classname="tests.test_online.TestCreateRoom" name="test_create_room_invalid_mode" time="0.098" /><testcase classname="tests.test_online.TestCreateRoom" name="test_create_room_short_nickname" time="0.100" /><testcase classname="tests.test_online.TestCreateRoom" name="test_create_room_invalid_max" time="0.234" /><testcase classname="tests.test_online.TestJoinRoom" name="test_join_full_room_returns_409" time="0.375" /><testcase classname="tests.test_online.TestWebSocket" name="test_ws_connect_initial_state" time="0.340" /><testcase classname="tests.test_online.TestJoinRoom" name="test_join_unknown_room_404" time="0.106" /><testcase classname="tests.test_online.TestJoinRoom" name="test_join_started_room_returns_409" time="0.526" /><testcase classname="tests.test_online.TestWebSocket" name="test_ws_unknown_room_closes_4404" time="0.211" /><testcase classname="tests.test_online.TestWebSocket" name="test_ws_non_member_closes_4403" time="0.300" /><testcase classname="tests.test_online.TestStartRoom" name="test_start_requires_host" time="0.316" /><testcase classname="tests.test_online.TestWebSocket" name="test_ws_broadcast_on_join" time="0.422" /><testcase classname="tests.test_online.TestStartRoom" name="test_start_needs_min_players" time="0.282" /><testcase classname="tests.test_online.TestGetRoom" name="test_get_existing" time="0.242" /><testcase classname="tests.test_online.TestStartRoom" name="test_start_success" time="0.321" /><testcase classname="tests.test_online.TestGetRoom" name="test_get_unknown_404" time="0.099" /><testcase classname="tests.test_online.TestLeaveRoom" name="test_guest_leave_removes_player" time="0.419" /><testcase classname="tests.test_online.TestLeaveRoom" name="test_host_leave_closes_room" time="0.337" /></testsuite></testsuites>