<?xml version="1.0" encoding="utf-8"?><testsuites name="pytest tests"><testsuite name="pytest" errors="0" failures="0" skipped="0" tests="17" time="19.609" timestamp="2026-07-05T22:27:30.731100+00:00" hostname="agent-env-dade99be-1afc-4cb1-9830-972afc851063"><testcase classname="tests.test_online_game.TestStartPoolValidation" name="test_start_missing_pool_returns_400" time="0.652" /><testcase classname="tests.test_online_game.TestGamePick" name="test_pick_slot_out_of_range_returns_422" time="0.776" /><testcase classname="tests.test_online_game.TestStartPoolValidation" name="test_start_empty_pool_returns_400" time="0.523" /><testcase classname="tests.test_online_game.TestGamePick" name="test_pick_invalid_player_returns_409" time="0.624" /><testcase classname="tests.test_online_game.TestStartPoolValidation" name="test_start_pool_too_few_players_returns_400" time="0.482" /><testcase classname="tests.test_online_game.TestGamePick" name="test_pick_wrong_position_returns_409" time="0.552" /><testcase classname="tests.test_online_game.TestStartPoolValidation" name="test_start_valid_pool_transitions_to_draft" time="0.530" /><testcase classname="tests.test_online_game.TestGamePick" name="test_pick_success_advances_roll_and_deadline" time="0.596" /><testcase classname="tests.test_online_game.TestGameChange" name="test_change_decrements_changes" time="0.528" /><testcase classname="tests.test_online_game.TestGamePick" name="test_pick_duplicate_slot_returns_409" time="0.778" /><testcase classname="tests.test_online_game.TestGameChange" name="test_lucky_change_decrements_both" time="0.582" /><testcase classname="tests.test_online_game.TestGameChange" name="test_change_exhausted_returns_409" time="0.841" /><testcase classname="tests.test_online_game.TestPickSeconds60" name="test_create_room_pick_seconds_60_ok" time="0.141" /><testcase classname="tests.test_online_game.TestPickSeconds60" name="test_create_room_pick_seconds_90_rejected" time="0.101" /><testcase classname="tests.test_online_game.TestAutoPick" name="test_auto_pick_fires_and_broadcasts" time="15.435" /><testcase classname="tests.test_online_game.TestFullDraftAndTournament" name="test_full_flow_transitions_to_tournament" time="3.350" /><testcase classname="tests.test_online_game.TestFullDraftAndTournament" name="test_start_tournament_before_complete_returns_409" time="0.531" /></testsuite></testsuites>